\BOOKMARK [0][-]{chapter.1}{\376\377\000I\000n\000s\000t\000a\000l\000l\000a\000t\000i\000o\000n}{}% 1
\BOOKMARK [1][-]{section.1.1}{\376\377\000G\000e\000t\000t\000i\000n\000g\000\040\000S\000t\000a\000r\000t\000e\000d}{chapter.1}% 2
\BOOKMARK [2][-]{subsection.1.1.1}{\376\377\000I\000n\000t\000r\000i\000n\000s\000i\000c\000\040\000P\000r\000o\000p\000e\000r\000t\000i\000e\000s}{section.1.1}% 3
\BOOKMARK [2][-]{subsection.1.1.2}{\376\377\000F\000e\000r\000m\000i\000\040\000E\000n\000e\000r\000g\000y\000\040\000L\000e\000v\000e\000l}{section.1.1}% 4
\BOOKMARK [2][-]{subsection.1.1.3}{\376\377\000E\000l\000e\000c\000t\000r\000o\000n\000\040\000L\000i\000f\000e\000t\000i\000m\000e}{section.1.1}% 5
\BOOKMARK [2][-]{subsection.1.1.4}{\376\377\000E\000l\000e\000c\000t\000r\000i\000c\000a\000l\000\040\000P\000r\000o\000p\000e\000r\000t\000i\000e\000s}{section.1.1}% 6
\BOOKMARK [1][-]{section.1.2}{\376\377\000R\000e\000f\000e\000r\000e\000n\000c\000e\000s}{chapter.1}% 7
\BOOKMARK [1][-]{section.1.3}{\376\377\000A\000P\000I\000\040\000D\000o\000c\000u\000m\000e\000n\000t\000a\000t\000i\000o\000n}{chapter.1}% 8
\BOOKMARK [2][-]{subsection.1.3.1}{\376\377\000T\000h\000e\000r\000m\000o\000E\000l\000e\000c\000t\000r\000i\000c\000.\000e\000n\000e\000r\000g\000y\000\137\000r\000a\000n\000g\000e}{section.1.3}% 9
\BOOKMARK [2][-]{subsection.1.3.2}{\376\377\000T\000h\000e\000r\000m\000o\000E\000l\000e\000c\000t\000r\000i\000c\000.\000t\000e\000m\000p\000e\000r\000a\000t\000u\000r\000e}{section.1.3}% 10
\BOOKMARK [2][-]{subsection.1.3.3}{\376\377\000T\000h\000e\000r\000m\000o\000E\000l\000e\000c\000t\000r\000i\000c\000.\000f\000e\000r\000m\000i\000\137\000d\000i\000s\000t\000r\000i\000b\000u\000t\000i\000o\000n}{section.1.3}% 11
\BOOKMARK [2][-]{subsection.1.3.4}{\376\377\000T\000h\000e\000r\000m\000o\000E\000l\000e\000c\000t\000r\000i\000c\000.\000m\000a\000t\000t\000h\000i\000e\000s\000s\000e\000n}{section.1.3}% 12
\BOOKMARK [2][-]{subsection.1.3.5}{\376\377\000T\000h\000e\000r\000m\000o\000E\000l\000e\000c\000t\000r\000i\000c\000.\000k\000p\000o\000i\000n\000t\000s}{section.1.3}% 13
\BOOKMARK [2][-]{subsection.1.3.6}{\376\377\000T\000h\000e\000r\000m\000o\000E\000l\000e\000c\000t\000r\000i\000c\000.\000c\000a\000r\000r\000i\000e\000r\000\137\000c\000o\000n\000c\000e\000n\000t\000r\000a\000t\000i\000o\000n}{section.1.3}% 14
\BOOKMARK [2][-]{subsection.1.3.7}{\376\377\000T\000h\000e\000r\000m\000o\000E\000l\000e\000c\000t\000r\000i\000c\000.\000b\000a\000n\000d\000\137\000s\000t\000r\000u\000c\000t\000u\000r\000e}{section.1.3}% 15
\BOOKMARK [2][-]{subsection.1.3.8}{\376\377\000T\000h\000e\000r\000m\000o\000E\000l\000e\000c\000t\000r\000i\000c\000.\000e\000l\000e\000c\000t\000r\000o\000n\000\137\000d\000e\000n\000s\000i\000t\000y}{section.1.3}% 16
\BOOKMARK [2][-]{subsection.1.3.9}{\376\377\000T\000h\000e\000r\000m\000o\000E\000l\000e\000c\000t\000r\000i\000c\000.\000b\000a\000n\000d\000\137\000g\000a\000p}{section.1.3}% 17
\BOOKMARK [2][-]{subsection.1.3.10}{\376\377\000T\000h\000e\000r\000m\000o\000E\000l\000e\000c\000t\000r\000i\000c\000.\000a\000n\000a\000l\000y\000t\000i\000c\000a\000l\000\137\000d\000o\000s}{section.1.3}% 18
\BOOKMARK [2][-]{subsection.1.3.11}{\376\377\000T\000h\000e\000r\000m\000o\000E\000l\000e\000c\000t\000r\000i\000c\000.\000f\000e\000r\000m\000i\000\137\000l\000e\000v\000e\000l}{section.1.3}% 19
\BOOKMARK [2][-]{subsection.1.3.12}{\376\377\000T\000h\000e\000r\000m\000o\000E\000l\000e\000c\000t\000r\000i\000c\000.\000f\000e\000r\000m\000i\000\137\000s\000e\000l\000f\000\137\000c\000o\000n\000s\000i\000s\000t\000e\000n\000t}{section.1.3}% 20
\BOOKMARK [2][-]{subsection.1.3.13}{\376\377\000T\000h\000e\000r\000m\000o\000E\000l\000e\000c\000t\000r\000i\000c\000.\000g\000r\000o\000u\000p\000\137\000v\000e\000l\000o\000c\000i\000t\000y}{section.1.3}% 21
\BOOKMARK [2][-]{subsection.1.3.14}{\376\377\000T\000h\000e\000r\000m\000o\000E\000l\000e\000c\000t\000r\000i\000c\000.\000a\000n\000a\000l\000y\000t\000i\000c\000a\000l\000\137\000g\000r\000o\000u\000p\000\137\000v\000e\000l\000o\000c\000i\000t\000y}{section.1.3}% 22
\BOOKMARK [2][-]{subsection.1.3.15}{\376\377\000T\000h\000e\000r\000m\000o\000E\000l\000e\000c\000t\000r\000i\000c\000.\000t\000a\000u\000\137\000p}{section.1.3}% 23
\BOOKMARK [2][-]{subsection.1.3.16}{\376\377\000T\000h\000e\000r\000m\000o\000E\000l\000e\000c\000t\000r\000i\000c\000.\000t\000a\000u\000\137\000s\000t\000r\000o\000n\000g\000l\000y\000\137\000s\000c\000r\000e\000e\000n\000e\000d\000\137\000c\000o\000u\000l\000o\000m\000b}{section.1.3}% 24
\BOOKMARK [2][-]{subsection.1.3.17}{\376\377\000T\000h\000e\000r\000m\000o\000E\000l\000e\000c\000t\000r\000i\000c\000.\000t\000a\000u\000\137\000s\000c\000r\000e\000e\000n\000e\000d\000\137\000c\000o\000u\000l\000o\000m\000b}{section.1.3}% 25
\BOOKMARK [2][-]{subsection.1.3.18}{\376\377\000T\000h\000e\000r\000m\000o\000E\000l\000e\000c\000t\000r\000i\000c\000.\000t\000a\000u\000\137\000u\000n\000s\000c\000r\000e\000e\000n\000e\000d\000\137\000c\000o\000u\000l\000o\000m\000b}{section.1.3}% 26
\BOOKMARK [2][-]{subsection.1.3.19}{\376\377\000T\000h\000e\000r\000m\000o\000E\000l\000e\000c\000t\000r\000i\000c\000.\000t\000a\000u\000\137\0002\000d\000\137\000c\000y\000l\000i\000n\000d\000e\000r}{section.1.3}% 27
\BOOKMARK [2][-]{subsection.1.3.20}{\376\377\000T\000h\000e\000r\000m\000o\000E\000l\000e\000c\000t\000r\000i\000c\000.\000t\000a\000u\0003\000D\000\137\000s\000p\000h\000e\000r\000i\000c\000a\000l}{section.1.3}% 28
\BOOKMARK [2][-]{subsection.1.3.21}{\376\377\000T\000h\000e\000r\000m\000o\000E\000l\000e\000c\000t\000r\000i\000c\000.\000e\000l\000e\000c\000t\000r\000i\000c\000a\000l\000\137\000p\000r\000o\000p\000e\000r\000t\000i\000e\000s}{section.1.3}% 29
\BOOKMARK [2][-]{subsection.1.3.22}{\376\377\000T\000h\000e\000r\000m\000o\000E\000l\000e\000c\000t\000r\000i\000c\000.\000f\000i\000l\000t\000e\000r\000i\000n\000g\000\137\000e\000f\000f\000e\000c\000t}{section.1.3}% 30
\BOOKMARK [2][-]{subsection.1.3.23}{\376\377\000T\000h\000e\000r\000m\000o\000E\000l\000e\000c\000t\000r\000i\000c\000.\000p\000h\000e\000n\000o\000m\000e\000n\000o\000l\000o\000g\000i\000c\000a\000l}{section.1.3}% 31
\BOOKMARK [0][-]{section*.26}{\376\377\000I\000n\000d\000e\000x}{}% 32
